[2026-03-27T11:33:57+01:00] 1 appointment(s)
  12.11.2025  

[2026-03-27T14:55:35+01:00] 3 Termin(e)
  (Datum unbekannt)
  (Datum unbekannt)
  (Datum unbekannt)

[2026-03-27T14:56:37+01:00] 3 Termin(e)
  (Datum unbekannt)
  (Datum unbekannt)
  (Datum unbekannt)

[2026-03-27T14:57:10+01:00] 3 Termin(e)
  (Datum unbekannt)
  (Datum unbekannt)
  (Datum unbekannt)

[2026-03-27T15:12:16+01:00] 1 Termin(e)
  

[2026-03-27T15:12:23+01:00] 1 Termin(e)
  

[2026-03-27T15:27:06+01:00] 6 Termin(e)
  BGP 16.07.2026   17/25 Plätze  Frist: 29.06.2026  mündliche Prüfung am 17. Juli 2026
  BGP 30.07.2026   30/32 Plätze  Frist: 13.07.2026  mündliche Prüfung am 31. Juli 2026
  BGP 17.09.2026   23/25 Plätze  Frist: 31.08.2026  mündliche Prüfung am 18. September 2026
  BGP 15.10.2026   24/25 Plätze  Frist: 28.09.2026  mündliche Prüfung am 16. Oktober 2026
  BGP 19.11.2026   23/23 Plätze  Frist: 02.11.2026  mündliche Prüfung am 20. November 2026
  BGP 10.12.2026   25/25 Plätze  Frist: 23.11.2026  mündliche Prüfung am 11. Dezember 2026

[2026-03-27T15:28:27+01:00] 6 Termin(e)
  BGP 16.07.2026   17/25 Plätze  Frist: 29.06.2026  mündliche Prüfung am 17. Juli 2026
  BGP 30.07.2026   30/32 Plätze  Frist: 13.07.2026  mündliche Prüfung am 31. Juli 2026
  BGP 17.09.2026   23/25 Plätze  Frist: 31.08.2026  mündliche Prüfung am 18. September 2026
  BGP 15.10.2026   24/25 Plätze  Frist: 28.09.2026  mündliche Prüfung am 16. Oktober 2026
  BGP 19.11.2026   23/23 Plätze  Frist: 02.11.2026  mündliche Prüfung am 20. November 2026
  BGP 10.12.2026   25/25 Plätze  Frist: 23.11.2026  mündliche Prüfung am 11. Dezember 2026

[2026-03-27T15:33:16+01:00] 6 Termin(e)
  BGP 16.07.2026   17/25 Plätze  Frist: 29.06.2026  mündliche Prüfung am 17. Juli 2026
  BGP 30.07.2026   30/32 Plätze  Frist: 13.07.2026  mündliche Prüfung am 31. Juli 2026
  BGP 17.09.2026   23/25 Plätze  Frist: 31.08.2026  mündliche Prüfung am 18. September 2026
  BGP 15.10.2026   24/25 Plätze  Frist: 28.09.2026  mündliche Prüfung am 16. Oktober 2026
  BGP 19.11.2026   23/23 Plätze  Frist: 02.11.2026  mündliche Prüfung am 20. November 2026
  BGP 10.12.2026   25/25 Plätze  Frist: 23.11.2026  mündliche Prüfung am 11. Dezember 2026

[2026-03-27T15:35:20+01:00] 6 Termin(e)
  BGP 16.07.2026   17/25 Plätze  Frist: 29.06.2026  mündliche Prüfung am 17. Juli 2026
  BGP 30.07.2026   30/32 Plätze  Frist: 13.07.2026  mündliche Prüfung am 31. Juli 2026
  BGP 17.09.2026   23/25 Plätze  Frist: 31.08.2026  mündliche Prüfung am 18. September 2026
  BGP 15.10.2026   24/25 Plätze  Frist: 28.09.2026  mündliche Prüfung am 16. Oktober 2026
  BGP 19.11.2026   23/23 Plätze  Frist: 02.11.2026  mündliche Prüfung am 20. November 2026
  BGP 10.12.2026   25/25 Plätze  Frist: 23.11.2026  mündliche Prüfung am 11. Dezember 2026

[2026-03-27T15:36:20+01:00] 6 Termin(e)
  BGP 16.07.2026   17/25 Plätze  Frist: 29.06.2026  mündliche Prüfung am 17. Juli 2026
  BGP 30.07.2026   30/32 Plätze  Frist: 13.07.2026  mündliche Prüfung am 31. Juli 2026
  BGP 17.09.2026   23/25 Plätze  Frist: 31.08.2026  mündliche Prüfung am 18. September 2026
  BGP 15.10.2026   24/25 Plätze  Frist: 28.09.2026  mündliche Prüfung am 16. Oktober 2026
  BGP 19.11.2026   23/23 Plätze  Frist: 02.11.2026  mündliche Prüfung am 20. November 2026
  BGP 10.12.2026   25/25 Plätze  Frist: 23.11.2026  mündliche Prüfung am 11. Dezember 2026

[2026-03-27T15:36:53+01:00] 6 Termin(e)
  BGP 16.07.2026   17/25 Plätze  Frist: 29.06.2026  mündliche Prüfung am 17. Juli 2026
  BGP 30.07.2026   30/32 Plätze  Frist: 13.07.2026  mündliche Prüfung am 31. Juli 2026
  BGP 17.09.2026   23/25 Plätze  Frist: 31.08.2026  mündliche Prüfung am 18. September 2026
  BGP 15.10.2026   24/25 Plätze  Frist: 28.09.2026  mündliche Prüfung am 16. Oktober 2026
  BGP 19.11.2026   23/23 Plätze  Frist: 02.11.2026  mündliche Prüfung am 20. November 2026
  BGP 10.12.2026   25/25 Plätze  Frist: 23.11.2026  mündliche Prüfung am 11. Dezember 2026

[2026-03-27T17:33:10+01:00] 6 Termin(e)
  BGP 16.07.2026   17/25 Plätze  Frist: 29.06.2026  mündliche Prüfung am 17. Juli 2026
  BGP 30.07.2026   30/32 Plätze  Frist: 13.07.2026  mündliche Prüfung am 31. Juli 2026
  BGP 17.09.2026   23/25 Plätze  Frist: 31.08.2026  mündliche Prüfung am 18. September 2026
  BGP 15.10.2026   24/25 Plätze  Frist: 28.09.2026  mündliche Prüfung am 16. Oktober 2026
  BGP 19.11.2026   23/23 Plätze  Frist: 02.11.2026  mündliche Prüfung am 20. November 2026
  BGP 10.12.2026   25/25 Plätze  Frist: 23.11.2026  mündliche Prüfung am 11. Dezember 2026

[2026-03-27T18:10:52+01:00] 6 Termin(e)
  BGP 16.07.2026   17/25 Plätze  Frist: 29.06.2026  mündliche Prüfung am 17. Juli 2026
  BGP 30.07.2026   30/32 Plätze  Frist: 13.07.2026  mündliche Prüfung am 31. Juli 2026
  BGP 17.09.2026   23/25 Plätze  Frist: 31.08.2026  mündliche Prüfung am 18. September 2026
  BGP 15.10.2026   24/25 Plätze  Frist: 28.09.2026  mündliche Prüfung am 16. Oktober 2026
  BGP 19.11.2026   23/23 Plätze  Frist: 02.11.2026  mündliche Prüfung am 20. November 2026
  BGP 10.12.2026   25/25 Plätze  Frist: 23.11.2026  mündliche Prüfung am 11. Dezember 2026

[2026-03-27T18:44:34+01:00] 6 Termin(e)
  BGP 16.07.2026   17/25 Plätze  Frist: 29.06.2026  mündliche Prüfung am 17. Juli 2026
  BGP 30.07.2026   30/32 Plätze  Frist: 13.07.2026  mündliche Prüfung am 31. Juli 2026
  BGP 17.09.2026   23/25 Plätze  Frist: 31.08.2026  mündliche Prüfung am 18. September 2026
  BGP 15.10.2026   24/25 Plätze  Frist: 28.09.2026  mündliche Prüfung am 16. Oktober 2026
  BGP 19.11.2026   23/23 Plätze  Frist: 02.11.2026  mündliche Prüfung am 20. November 2026
  BGP 10.12.2026   25/25 Plätze  Frist: 23.11.2026  mündliche Prüfung am 11. Dezember 2026

[2026-03-27T21:59:52+01:00] 6 Termin(e)
  BGP 16.07.2026   17/25 Plätze  Frist: 29.06.2026  mündliche Prüfung am 17. Juli 2026
  BGP 30.07.2026   30/32 Plätze  Frist: 13.07.2026  mündliche Prüfung am 31. Juli 2026
  BGP 17.09.2026   23/25 Plätze  Frist: 31.08.2026  mündliche Prüfung am 18. September 2026
  BGP 15.10.2026   24/25 Plätze  Frist: 28.09.2026  mündliche Prüfung am 16. Oktober 2026
  BGP 19.11.2026   23/23 Plätze  Frist: 02.11.2026  mündliche Prüfung am 20. November 2026
  BGP 10.12.2026   25/25 Plätze  Frist: 23.11.2026  mündliche Prüfung am 11. Dezember 2026

[2026-03-27T22:09:04+01:00] 6 Termin(e)
  BGP 16.07.2026   17/25 Plätze  Frist: 29.06.2026  mündliche Prüfung am 17. Juli 2026
  BGP 30.07.2026   30/32 Plätze  Frist: 13.07.2026  mündliche Prüfung am 31. Juli 2026
  BGP 17.09.2026   23/25 Plätze  Frist: 31.08.2026  mündliche Prüfung am 18. September 2026
  BGP 15.10.2026   24/25 Plätze  Frist: 28.09.2026  mündliche Prüfung am 16. Oktober 2026
  BGP 19.11.2026   23/23 Plätze  Frist: 02.11.2026  mündliche Prüfung am 20. November 2026
  BGP 10.12.2026   25/25 Plätze  Frist: 23.11.2026  mündliche Prüfung am 11. Dezember 2026

[2026-03-28T13:32:40+01:00] 6 Termin(e)
  BGP 16.07.2026   17/25 Plätze  Frist: 29.06.2026  mündliche Prüfung am 17. Juli 2026
  BGP 30.07.2026   30/32 Plätze  Frist: 13.07.2026  mündliche Prüfung am 31. Juli 2026
  BGP 17.09.2026   23/25 Plätze  Frist: 31.08.2026  mündliche Prüfung am 18. September 2026
  BGP 15.10.2026   24/25 Plätze  Frist: 28.09.2026  mündliche Prüfung am 16. Oktober 2026
  BGP 19.11.2026   23/23 Plätze  Frist: 02.11.2026  mündliche Prüfung am 20. November 2026
  BGP 10.12.2026   25/25 Plätze  Frist: 23.11.2026  mündliche Prüfung am 11. Dezember 2026

[2026-03-28T13:51:50+01:00] 6 Termin(e)
  BGP 16.07.2026   17/25 Plätze  Frist: 29.06.2026  mündliche Prüfung am 17. Juli 2026
  BGP 30.07.2026   30/32 Plätze  Frist: 13.07.2026  mündliche Prüfung am 31. Juli 2026
  BGP 17.09.2026   23/25 Plätze  Frist: 31.08.2026  mündliche Prüfung am 18. September 2026
  BGP 15.10.2026   24/25 Plätze  Frist: 28.09.2026  mündliche Prüfung am 16. Oktober 2026
  BGP 19.11.2026   23/23 Plätze  Frist: 02.11.2026  mündliche Prüfung am 20. November 2026
  BGP 10.12.2026   25/25 Plätze  Frist: 23.11.2026  mündliche Prüfung am 11. Dezember 2026

[2026-03-28T13:54:12+01:00] 6 Termin(e)
  BGP 16.07.2026   17/25 Plätze  Frist: 29.06.2026  mündliche Prüfung am 17. Juli 2026
  BGP 30.07.2026   30/32 Plätze  Frist: 13.07.2026  mündliche Prüfung am 31. Juli 2026
  BGP 17.09.2026   23/25 Plätze  Frist: 31.08.2026  mündliche Prüfung am 18. September 2026
  BGP 15.10.2026   24/25 Plätze  Frist: 28.09.2026  mündliche Prüfung am 16. Oktober 2026
  BGP 19.11.2026   23/23 Plätze  Frist: 02.11.2026  mündliche Prüfung am 20. November 2026
  BGP 10.12.2026   25/25 Plätze  Frist: 23.11.2026  mündliche Prüfung am 11. Dezember 2026

[2026-03-28T13:54:32+01:00] 6 Termin(e)
  BGP 16.07.2026   17/25 Plätze  Frist: 29.06.2026  mündliche Prüfung am 17. Juli 2026
  BGP 30.07.2026   30/32 Plätze  Frist: 13.07.2026  mündliche Prüfung am 31. Juli 2026
  BGP 17.09.2026   23/25 Plätze  Frist: 31.08.2026  mündliche Prüfung am 18. September 2026
  BGP 15.10.2026   24/25 Plätze  Frist: 28.09.2026  mündliche Prüfung am 16. Oktober 2026
  BGP 19.11.2026   23/23 Plätze  Frist: 02.11.2026  mündliche Prüfung am 20. November 2026
  BGP 10.12.2026   25/25 Plätze  Frist: 23.11.2026  mündliche Prüfung am 11. Dezember 2026

[2026-03-28T13:54:52+01:00] 6 Termin(e)
  BGP 16.07.2026   17/25 Plätze  Frist: 29.06.2026  mündliche Prüfung am 17. Juli 2026
  BGP 30.07.2026   30/32 Plätze  Frist: 13.07.2026  mündliche Prüfung am 31. Juli 2026
  BGP 17.09.2026   23/25 Plätze  Frist: 31.08.2026  mündliche Prüfung am 18. September 2026
  BGP 15.10.2026   24/25 Plätze  Frist: 28.09.2026  mündliche Prüfung am 16. Oktober 2026
  BGP 19.11.2026   23/23 Plätze  Frist: 02.11.2026  mündliche Prüfung am 20. November 2026
  BGP 10.12.2026   25/25 Plätze  Frist: 23.11.2026  mündliche Prüfung am 11. Dezember 2026

[2026-03-28T13:57:28+01:00] 6 Termin(e)
  BGP 16.07.2026   17/25 Plätze  Frist: 29.06.2026  mündliche Prüfung am 17. Juli 2026
  BGP 30.07.2026   30/32 Plätze  Frist: 13.07.2026  mündliche Prüfung am 31. Juli 2026
  BGP 17.09.2026   23/25 Plätze  Frist: 31.08.2026  mündliche Prüfung am 18. September 2026
  BGP 15.10.2026   24/25 Plätze  Frist: 28.09.2026  mündliche Prüfung am 16. Oktober 2026
  BGP 19.11.2026   23/23 Plätze  Frist: 02.11.2026  mündliche Prüfung am 20. November 2026
  BGP 10.12.2026   25/25 Plätze  Frist: 23.11.2026  mündliche Prüfung am 11. Dezember 2026

[2026-03-28T13:57:41+01:00] 6 Termin(e)
  BGP 16.07.2026   17/25 Plätze  Frist: 29.06.2026  mündliche Prüfung am 17. Juli 2026
  BGP 30.07.2026   30/32 Plätze  Frist: 13.07.2026  mündliche Prüfung am 31. Juli 2026
  BGP 17.09.2026   23/25 Plätze  Frist: 31.08.2026  mündliche Prüfung am 18. September 2026
  BGP 15.10.2026   24/25 Plätze  Frist: 28.09.2026  mündliche Prüfung am 16. Oktober 2026
  BGP 19.11.2026   23/23 Plätze  Frist: 02.11.2026  mündliche Prüfung am 20. November 2026
  BGP 10.12.2026   25/25 Plätze  Frist: 23.11.2026  mündliche Prüfung am 11. Dezember 2026

[2026-03-28T13:58:44+01:00] 6 Termin(e)
  BGP 16.07.2026   17/25 Plätze  Frist: 29.06.2026  mündliche Prüfung am 17. Juli 2026
  BGP 30.07.2026   30/32 Plätze  Frist: 13.07.2026  mündliche Prüfung am 31. Juli 2026
  BGP 17.09.2026   23/25 Plätze  Frist: 31.08.2026  mündliche Prüfung am 18. September 2026
  BGP 15.10.2026   24/25 Plätze  Frist: 28.09.2026  mündliche Prüfung am 16. Oktober 2026
  BGP 19.11.2026   23/23 Plätze  Frist: 02.11.2026  mündliche Prüfung am 20. November 2026
  BGP 10.12.2026   25/25 Plätze  Frist: 23.11.2026  mündliche Prüfung am 11. Dezember 2026

[2026-03-28T13:59:26+01:00] 6 Termin(e)
  BGP 16.07.2026   17/25 Plätze  Frist: 29.06.2026  mündliche Prüfung am 17. Juli 2026
  BGP 30.07.2026   30/32 Plätze  Frist: 13.07.2026  mündliche Prüfung am 31. Juli 2026
  BGP 17.09.2026   23/25 Plätze  Frist: 31.08.2026  mündliche Prüfung am 18. September 2026
  BGP 15.10.2026   24/25 Plätze  Frist: 28.09.2026  mündliche Prüfung am 16. Oktober 2026
  BGP 19.11.2026   23/23 Plätze  Frist: 02.11.2026  mündliche Prüfung am 20. November 2026
  BGP 10.12.2026   25/25 Plätze  Frist: 23.11.2026  mündliche Prüfung am 11. Dezember 2026

[2026-03-28T14:00:56+01:00] 6 Termin(e)
  BGP 16.07.2026   17/25 Plätze  Frist: 29.06.2026  mündliche Prüfung am 17. Juli 2026
  BGP 30.07.2026   30/32 Plätze  Frist: 13.07.2026  mündliche Prüfung am 31. Juli 2026
  BGP 17.09.2026   23/25 Plätze  Frist: 31.08.2026  mündliche Prüfung am 18. September 2026
  BGP 15.10.2026   24/25 Plätze  Frist: 28.09.2026  mündliche Prüfung am 16. Oktober 2026
  BGP 19.11.2026   23/23 Plätze  Frist: 02.11.2026  mündliche Prüfung am 20. November 2026
  BGP 10.12.2026   25/25 Plätze  Frist: 23.11.2026  mündliche Prüfung am 11. Dezember 2026

